<?xml version="1.0" encoding="UTF-8"?>
<testng-results ignored="0" total="2" passed="2" failed="0" skipped="0">
  <reporter-output>
  </reporter-output>
  <suite started-at="2025-09-20T16:24:31 IST" name="Suite" finished-at="2025-09-20T16:24:47 IST" duration-ms="15650">
    <groups>
      <group name="Master">
        <method signature="TC001_AccountRegestration_Test.verify_account_registration()[pri:0, instance:testCases.TC001_AccountRegestration_Test@2f67b837]" name="verify_account_registration" class="testCases.TC001_AccountRegestration_Test"/>
        <method signature="TC002_loginPage.Verify_login()[pri:0, instance:testCases.TC002_loginPage@ca30bc1]" name="Verify_login" class="testCases.TC002_loginPage"/>
      </group> <!-- Master -->
      <group name="Sanity">
        <method signature="TC002_loginPage.Verify_login()[pri:0, instance:testCases.TC002_loginPage@ca30bc1]" name="Verify_login" class="testCases.TC002_loginPage"/>
      </group> <!-- Sanity -->
      <group name="Regression">
        <method signature="TC001_AccountRegestration_Test.verify_account_registration()[pri:0, instance:testCases.TC001_AccountRegestration_Test@2f67b837]" name="verify_account_registration" class="testCases.TC001_AccountRegestration_Test"/>
      </group> <!-- Regression -->
    </groups>
    <test started-at="2025-09-20T16:24:31 IST" name="Test" finished-at="2025-09-20T16:24:47 IST" duration-ms="15650">
      <class name="testCases.TC002_loginPage">
        <test-method is-config="true" signature="Setup(java.lang.String,java.lang.String)[pri:0, instance:testCases.TC002_loginPage@ca30bc1]" started-at="2025-09-20T16:24:42 IST" name="Setup" finished-at="2025-09-20T16:24:45 IST" duration-ms="3052" status="PASS">
          <params>
            <param index="0">
              <value>
                <![CDATA[windows]]>
              </value>
            </param>
            <param index="1">
              <value>
                <![CDATA[chrome]]>
              </value>
            </param>
          </params>
          <reporter-output>
          </reporter-output>
        </test-method> <!-- Setup -->
        <test-method signature="Verify_login()[pri:0, instance:testCases.TC002_loginPage@ca30bc1]" started-at="2025-09-20T16:24:45 IST" name="Verify_login" finished-at="2025-09-20T16:24:47 IST" duration-ms="2064" status="PASS">
          <reporter-output>
          </reporter-output>
        </test-method> <!-- Verify_login -->
        <test-method is-config="true" signature="tearDown()[pri:0, instance:testCases.TC002_loginPage@ca30bc1]" started-at="2025-09-20T16:24:47 IST" name="tearDown" finished-at="2025-09-20T16:24:47 IST" duration-ms="280" status="PASS">
          <reporter-output>
          </reporter-output>
        </test-method> <!-- tearDown -->
      </class> <!-- testCases.TC002_loginPage -->
      <class name="testCases.TC001_AccountRegestration_Test">
        <test-method is-config="true" signature="Setup(java.lang.String,java.lang.String)[pri:0, instance:testCases.TC001_AccountRegestration_Test@2f67b837]" started-at="2025-09-20T16:24:32 IST" name="Setup" finished-at="2025-09-20T16:24:37 IST" duration-ms="5570" status="PASS">
          <params>
            <param index="0">
              <value>
                <![CDATA[windows]]>
              </value>
            </param>
            <param index="1">
              <value>
                <![CDATA[chrome]]>
              </value>
            </param>
          </params>
          <reporter-output>
          </reporter-output>
        </test-method> <!-- Setup -->
        <test-method signature="verify_account_registration()[pri:0, instance:testCases.TC001_AccountRegestration_Test@2f67b837]" started-at="2025-09-20T16:24:37 IST" name="verify_account_registration" finished-at="2025-09-20T16:24:41 IST" duration-ms="3893" status="PASS">
          <reporter-output>
          </reporter-output>
        </test-method> <!-- verify_account_registration -->
        <test-method is-config="true" signature="tearDown()[pri:0, instance:testCases.TC001_AccountRegestration_Test@2f67b837]" started-at="2025-09-20T16:24:41 IST" name="tearDown" finished-at="2025-09-20T16:24:42 IST" duration-ms="385" status="PASS">
          <reporter-output>
          </reporter-output>
        </test-method> <!-- tearDown -->
      </class> <!-- testCases.TC001_AccountRegestration_Test -->
    </test> <!-- Test -->
  </suite> <!-- Suite -->
</testng-results>
