<?xml version="1.0" encoding="UTF-8"?>
<testng-results ignored="0" total="1" passed="1" failed="0" skipped="0">
  <reporter-output>
  </reporter-output>
  <suite started-at="2025-09-20T01:29:32 IST" name="Suite" finished-at="2025-09-20T01:30:52 IST" duration-ms="79543">
    <groups>
      <group name="Master">
        <method signature="TC002_loginPage.Verify_login()[pri:0, instance:testCases.TC002_loginPage@7d1cfb8b]" name="Verify_login" class="testCases.TC002_loginPage"/>
      </group> <!-- Master -->
      <group name="Sanity">
        <method signature="TC002_loginPage.Verify_login()[pri:0, instance:testCases.TC002_loginPage@7d1cfb8b]" name="Verify_login" class="testCases.TC002_loginPage"/>
      </group> <!-- Sanity -->
    </groups>
    <test started-at="2025-09-20T01:29:32 IST" name="Test" finished-at="2025-09-20T01:30:52 IST" duration-ms="79543">
      <class name="testCases.TC002_loginPage">
        <test-method is-config="true" signature="Setup(java.lang.String,java.lang.String)[pri:0, instance:testCases.TC002_loginPage@7d1cfb8b]" started-at="2025-09-20T01:29:34 IST" name="Setup" finished-at="2025-09-20T01:30:41 IST" duration-ms="67481" status="PASS">
          <params>
            <param index="0">
              <value>
                <![CDATA[linux]]>
              </value>
            </param>
            <param index="1">
              <value>
                <![CDATA[firefox]]>
              </value>
            </param>
          </params>
          <reporter-output>
          </reporter-output>
        </test-method> <!-- Setup -->
        <test-method signature="Verify_login()[pri:0, instance:testCases.TC002_loginPage@7d1cfb8b]" started-at="2025-09-20T01:30:41 IST" name="Verify_login" finished-at="2025-09-20T01:30:47 IST" duration-ms="5688" status="PASS">
          <reporter-output>
          </reporter-output>
        </test-method> <!-- Verify_login -->
        <test-method is-config="true" signature="tearDown()[pri:0, instance:testCases.TC002_loginPage@7d1cfb8b]" started-at="2025-09-20T01:30:47 IST" name="tearDown" finished-at="2025-09-20T01:30:52 IST" duration-ms="4667" status="PASS">
          <reporter-output>
          </reporter-output>
        </test-method> <!-- tearDown -->
      </class> <!-- testCases.TC002_loginPage -->
    </test> <!-- Test -->
  </suite> <!-- Suite -->
</testng-results>
